<?xml version="1.0" encoding="UTF-8"?>
<testng-results skipped="0" failed="0" total="3" passed="3">
  <reporter-output>
    <line>
      <![CDATA[DE response validated from country/get/all API]]>
    </line>
    <line>
      <![CDATA[GB response validated from country/get/all API]]>
    </line>
    <line>
      <![CDATA[US response validated from country/get/all API]]>
    </line>
  </reporter-output>
  <suite name="Default suite" duration-ms="4644" started-at="2018-07-19T11:09:18Z" finished-at="2018-07-19T11:09:23Z">
    <groups>
    </groups>
    <test name="Default test" duration-ms="4644" started-at="2018-07-19T11:09:18Z" finished-at="2018-07-19T11:09:23Z">
      <class name="getRequestValidationTest.ValidateGetCountryInfo">
        <test-method status="PASS" signature="setup()[pri:0, instance:getRequestValidationTest.ValidateGetCountryInfo@ecd4b]" name="setup" is-config="true" duration-ms="492" started-at="2018-07-19T16:39:18Z" finished-at="2018-07-19T16:39:19Z">
          <reporter-output>
          </reporter-output>
        </test-method> <!-- setup -->
        <test-method status="PASS" signature="testResponseBodyMatchDE()[pri:0, instance:getRequestValidationTest.ValidateGetCountryInfo@ecd4b]" name="testResponseBodyMatchDE" duration-ms="2291" started-at="2018-07-19T16:39:19Z" finished-at="2018-07-19T16:39:21Z">
          <reporter-output>
            <line>
              <![CDATA[DE response validated from country/get/all API]]>
            </line>
          </reporter-output>
        </test-method> <!-- testResponseBodyMatchDE -->
        <test-method status="PASS" signature="testResponseBodyMatchGB()[pri:0, instance:getRequestValidationTest.ValidateGetCountryInfo@ecd4b]" name="testResponseBodyMatchGB" duration-ms="922" started-at="2018-07-19T16:39:21Z" finished-at="2018-07-19T16:39:22Z">
          <reporter-output>
            <line>
              <![CDATA[GB response validated from country/get/all API]]>
            </line>
          </reporter-output>
        </test-method> <!-- testResponseBodyMatchGB -->
        <test-method status="PASS" signature="testResponseBodyMatchUSA()[pri:0, instance:getRequestValidationTest.ValidateGetCountryInfo@ecd4b]" name="testResponseBodyMatchUSA" duration-ms="906" started-at="2018-07-19T16:39:22Z" finished-at="2018-07-19T16:39:23Z">
          <reporter-output>
            <line>
              <![CDATA[US response validated from country/get/all API]]>
            </line>
          </reporter-output>
        </test-method> <!-- testResponseBodyMatchUSA -->
      </class> <!-- getRequestValidationTest.ValidateGetCountryInfo -->
    </test> <!-- Default test -->
  </suite> <!-- Default suite -->
</testng-results>
